<?xml version="1.0" encoding="UTF-8"?>
<testsuite name="Proceso de compra en la tienda online" tests="1" skipped="0" failures="0" errors="0" timestamp="2022-05-06T15:31:49" hostname="CHBOGCR7KJ93" time="91.355">
  <properties/>
  <testcase name="Compra exitosa 2 productos modificando la talla por transferencia bancaria" classname="Proceso de compra en la tienda online" time="91.355"/>
  <system-out><![CDATA[]]></system-out>
  <system-err><![CDATA[Starting ChromeDriver 101.0.4951.41 (93c720db8323b3ec10d056025ab95c23a31997c9-refs/branch-heads/4951@{#904}) on port 52762
Only local connections are allowed.
Please see https://chromedriver.chromium.org/security-considerations for suggestions on keeping ChromeDriver safe.
ChromeDriver was started successfully.
may 06, 2022 10:31:58 A. M. org.openqa.selenium.remote.ProtocolHandshake createSession
INFO: Detected dialect: W3C
may 06, 2022 10:31:58 A. M. org.openqa.selenium.devtools.CdpVersionFinder findNearestMatch
WARNING: Unable to find an exact match for CDP version 101, so returning the closest version found: 99
may 06, 2022 10:31:58 A. M. org.openqa.selenium.devtools.CdpVersionFinder findNearestMatch
INFO: Found CDP implementation for version 101 of 99
]]></system-err>
</testsuite>
